Backing up 192.168.137.200...
Backing up 192.168.137.201...
Backing up 192.168.137.202...
Backing up 192.168.137.203...
Backing up 192.168.137.204...
Backing up 192.168.137.205...
Backing up 192.168.137.206...
Backing up 192.168.137.207...
Backing up 192.168.137.208...
Backing up 192.168.137.209...
Backing up 192.168.137.210...
sending incremental file list
created directory /mnt/ssd/share/backups/2026-04-25
./
backup-200.tar.gz
backup-201.tar.gz
backup-202.tar.gz
backup-203.tar.gz
backup-204.tar.gz
backup-205.tar.gz
backup-206.tar.gz
backup-207.tar.gz
backup-208.tar.gz
backup-209.tar.gz
backup-210.tar.gz

sent 100,662,681 bytes  received 284 bytes  67,108,643.33 bytes/sec
total size is 101,322,409  speedup is 1.01
Backup complete: 2026-04-25
Backing up 192.168.137.200...
Backing up 192.168.137.201...
Backing up 192.168.137.202...
Backing up 192.168.137.203...
Backing up 192.168.137.204...
Backing up 192.168.137.205...
Backing up 192.168.137.206...
Backing up 192.168.137.207...
Backing up 192.168.137.208...
Backing up 192.168.137.209...
Backing up 192.168.137.210...
sending incremental file list
created directory /mnt/ssd/share/backups/2026-04-26
./
backup-200.tar.gz
backup-201.tar.gz
backup-202.tar.gz
backup-203.tar.gz
backup-204.tar.gz
backup-205.tar.gz
backup-206.tar.gz
backup-207.tar.gz
backup-208.tar.gz
backup-209.tar.gz
backup-210.tar.gz

sent 134,558,972 bytes  received 284 bytes  53,823,702.40 bytes/sec
total size is 135,906,258  speedup is 1.01
Backup complete: 2026-04-26
Backing up 192.168.137.200...
Backing up 192.168.137.201...
Backing up 192.168.137.202...
Backing up 192.168.137.203...
Backing up 192.168.137.204...
Backing up 192.168.137.205...
Backing up 192.168.137.206...
Backing up 192.168.137.207...
Backing up 192.168.137.208...
Backing up 192.168.137.209...
Backing up 192.168.137.210...
sending incremental file list
created directory /mnt/ssd/share/backups/2026-04-27
./
backup-200.tar.gz
backup-201.tar.gz
backup-202.tar.gz
backup-203.tar.gz
backup-204.tar.gz
backup-205.tar.gz
backup-206.tar.gz
backup-207.tar.gz
backup-208.tar.gz
backup-209.tar.gz
backup-210.tar.gz

sent 169,191,008 bytes  received 284 bytes  67,676,516.80 bytes/sec
total size is 170,749,251  speedup is 1.01
Backup complete: 2026-04-27
Backing up 192.168.137.200...
Backing up 192.168.137.201...
Backing up 192.168.137.202...
Backing up 192.168.137.203...
Backing up 192.168.137.204...
Backing up 192.168.137.205...
Backing up 192.168.137.206...
Backing up 192.168.137.207...
Backing up 192.168.137.208...
Backing up 192.168.137.209...
Backing up 192.168.137.210...
sending incremental file list
created directory /mnt/ssd/share/backups/2026-04-28
./
backup-200.tar.gz
backup-201.tar.gz
backup-202.tar.gz
backup-203.tar.gz
backup-204.tar.gz
backup-205.tar.gz
backup-206.tar.gz
backup-207.tar.gz
backup-208.tar.gz
backup-209.tar.gz
backup-210.tar.gz

sent 203,499,473 bytes  received 284 bytes  58,142,787.71 bytes/sec
total size is 205,340,416  speedup is 1.01
Backup complete: 2026-04-28
Backing up 192.168.137.200...
Backing up 192.168.137.201...
Backing up 192.168.137.202...
Backing up 192.168.137.203...
Backing up 192.168.137.204...
Backing up 192.168.137.205...
Backing up 192.168.137.206...
Backing up 192.168.137.207...
Backing up 192.168.137.208...
Backing up 192.168.137.209...
Backing up 192.168.137.210...
sending incremental file list
created directory /mnt/ssd/share/backups/2026-04-29
./
backup-200.tar.gz
backup-201.tar.gz
backup-202.tar.gz
backup-203.tar.gz
backup-204.tar.gz
backup-205.tar.gz
backup-206.tar.gz
backup-207.tar.gz
backup-208.tar.gz
backup-209.tar.gz
backup-210.tar.gz

sent 237,066,056 bytes  received 284 bytes  67,733,240.00 bytes/sec
total size is 239,215,121  speedup is 1.01
Backup complete: 2026-04-29
Backing up 192.168.137.200...
Backing up 192.168.137.201...
Backing up 192.168.137.202...
Backing up 192.168.137.203...
Backing up 192.168.137.204...
Backing up 192.168.137.205...
Backing up 192.168.137.206...
Backing up 192.168.137.207...
Backing up 192.168.137.208...
Backing up 192.168.137.209...
Backing up 192.168.137.210...
sending incremental file list
created directory /mnt/ssd/share/backups/2026-04-30
./
backup-200.tar.gz
backup-201.tar.gz
backup-202.tar.gz
backup-203.tar.gz
backup-204.tar.gz
backup-205.tar.gz
backup-206.tar.gz
backup-207.tar.gz
backup-208.tar.gz
backup-209.tar.gz
backup-210.tar.gz

sent 270,882,297 bytes  received 284 bytes  77,395,023.14 bytes/sec
total size is 273,270,680  speedup is 1.01
Backup complete: 2026-04-30
Backing up 192.168.137.200...
Backing up 192.168.137.201...
Backing up 192.168.137.202...
Backing up 192.168.137.203...
Backing up 192.168.137.204...
Backing up 192.168.137.205...
Backing up 192.168.137.206...
Backing up 192.168.137.207...
Backing up 192.168.137.208...
Backing up 192.168.137.209...
Backing up 192.168.137.210...
sending incremental file list
created directory /mnt/ssd/share/backups/2026-05-01
./
backup-200.tar.gz
backup-201.tar.gz
backup-202.tar.gz
backup-203.tar.gz
backup-204.tar.gz
backup-205.tar.gz
backup-206.tar.gz
backup-207.tar.gz
backup-208.tar.gz
backup-209.tar.gz
backup-210.tar.gz

sent 305,215,844 bytes  received 284 bytes  87,204,608.00 bytes/sec
total size is 307,776,951  speedup is 1.01
Backup complete: 2026-05-01
Backing up 192.168.137.200...
Backing up 192.168.137.201...
Backing up 192.168.137.202...
Backing up 192.168.137.203...
Backing up 192.168.137.204...
Backing up 192.168.137.205...
Backing up 192.168.137.206...
Backing up 192.168.137.207...
Backing up 192.168.137.208...
Backing up 192.168.137.209...
Backing up 192.168.137.210...
sending incremental file list
created directory /mnt/ssd/share/backups/2026-05-02
./
backup-200.tar.gz
backup-201.tar.gz
backup-202.tar.gz
backup-203.tar.gz
backup-204.tar.gz
backup-205.tar.gz
backup-206.tar.gz
backup-207.tar.gz
backup-208.tar.gz
backup-209.tar.gz
backup-210.tar.gz

sent 338,513,666 bytes  received 284 bytes  75,225,322.22 bytes/sec
total size is 341,333,638  speedup is 1.01
Backup complete: 2026-05-02
Backing up 192.168.137.200...
Backing up 192.168.137.201...
Backing up 192.168.137.202...
Backing up 192.168.137.203...
Backing up 192.168.137.204...
Backing up 192.168.137.205...
Backing up 192.168.137.206...
Backing up 192.168.137.207...
Backing up 192.168.137.208...
Backing up 192.168.137.209...
Backing up 192.168.137.210...
sending incremental file list
created directory /mnt/ssd/share/backups/2026-05-03
./
backup-200.tar.gz
backup-201.tar.gz
backup-202.tar.gz
backup-203.tar.gz
backup-204.tar.gz
backup-205.tar.gz
backup-206.tar.gz
backup-207.tar.gz
backup-208.tar.gz
backup-209.tar.gz
backup-210.tar.gz

sent 372,398,776 bytes  received 284 bytes  67,708,920.00 bytes/sec
total size is 375,445,985  speedup is 1.01
Backup complete: 2026-05-03
Backing up 192.168.137.200...
Backing up 192.168.137.201...
Backing up 192.168.137.202...
Backing up 192.168.137.203...
Backing up 192.168.137.204...
Backing up 192.168.137.205...
Backing up 192.168.137.206...
Backing up 192.168.137.207...
Backing up 192.168.137.208...
Backing up 192.168.137.209...
Backing up 192.168.137.210...
sending incremental file list
created directory /mnt/ssd/share/backups/2026-05-04
./
backup-200.tar.gz
backup-201.tar.gz
backup-202.tar.gz
backup-203.tar.gz
backup-204.tar.gz
backup-205.tar.gz
backup-206.tar.gz
backup-207.tar.gz
backup-208.tar.gz
backup-209.tar.gz
backup-210.tar.gz

sent 406,065,516 bytes  received 284 bytes  73,830,145.45 bytes/sec
total size is 409,347,073  speedup is 1.01
Backup complete: 2026-05-04
